<?xml version="1.0" encoding="UTF-8"?>
<!-- Generated by org.testng.reporters.JUnitReportReporter -->
<testsuite skipped="0" hostname="PC309455" name="com.Mainspring.Utilities.DriverSet" tests="1" failures="0" timestamp="30 Oct 2018 12:38:17 GMT" time="8.661" errors="0">
  <testcase name="openBrowser" time="8.661" classname="com.Mainspring.Utilities.DriverSet"/>
</testsuite> <!-- com.Mainspring.Utilities.DriverSet -->
