<?xml version="1.0" encoding="UTF-8"?>
<!-- Generated by org.testng.reporters.JUnitReportReporter -->
<testsuite skipped="0" hostname="PC309455" name="com.Mainspring.Tests.MainspringReleaseCreation" tests="1" failures="0" timestamp="30 Oct 2018 10:15:58 GMT" time="7.602" errors="0">
  <testcase name="driverTest" time="7.602" classname="com.Mainspring.Tests.MainspringReleaseCreation"/>
</testsuite> <!-- com.Mainspring.Tests.MainspringReleaseCreation -->
